Release 14.7 - ngc2edif P.20131013 (nt64)
Copyright (c) 1995-2013 Xilinx, Inc.  All rights reserved.
Reading design TOP.ngc ...
WARNING:NetListWriters:298 - No output is written to TOP.xncf, ignored.
Processing design ...
   Preping design's networks ...
   Preping design's macros ...
  finished :Prep
Writing EDIF netlist file TOP.edif ...
ngc2edif: Total memory usage is 4311484 kilobytes

Release 14.7 - ngc2edif P.20131013 (nt64)
Copyright (c) 1995-2013 Xilinx, Inc.  All rights reserved.
Reading design LogicAnalyzer.ngc ...
WARNING:NetListWriters:298 - No output is written to LogicAnalyzer.xncf,
   ignored.
Processing design ...
   Preping design's networks ...
   Preping design's macros ...
WARNING:NetListWriters:306 - Signal bus
   U0/I_NO_D.U_ILA/U_RST/U_HALT_XFER/iDOUT_dly<2 : 0> on block LogicAnalyzer is
   not reconstructed, because there are some missing bus signals.
WARNING:NetListWriters:306 - Signal bus
   U0/I_NO_D.U_ILA/U_RST/U_ARM_XFER/iDOUT_dly<4 : 0> on block LogicAnalyzer is
   not reconstructed, because there are some missing bus signals.
  finished :Prep
Writing EDIF netlist file LogicAnalyzer.edif ...
ngc2edif: Total memory usage is 4315580 kilobytes

Release 14.7 - ngc2edif P.20131013 (nt64)
Copyright (c) 1995-2013 Xilinx, Inc.  All rights reserved.
Reading design TOP.ngc ...
WARNING:NetListWriters:298 - No output is written to TOP.xncf, ignored.
Processing design ...
   Preping design's networks ...
   Preping design's macros ...
  finished :Prep
Writing EDIF netlist file TOP.edif ...
ngc2edif: Total memory usage is 4311484 kilobytes

Release 14.7 - ngc2edif P.20131013 (nt64)
Copyright (c) 1995-2013 Xilinx, Inc.  All rights reserved.
Reading design LogicAnalyzer.ngc ...
WARNING:NetListWriters:298 - No output is written to LogicAnalyzer.xncf,
   ignored.
Processing design ...
   Preping design's networks ...
   Preping design's macros ...
WARNING:NetListWriters:306 - Signal bus
   U0/I_NO_D.U_ILA/U_RST/U_HALT_XFER/iDOUT_dly<2 : 0> on block LogicAnalyzer is
   not reconstructed, because there are some missing bus signals.
WARNING:NetListWriters:306 - Signal bus
   U0/I_NO_D.U_ILA/U_RST/U_ARM_XFER/iDOUT_dly<4 : 0> on block LogicAnalyzer is
   not reconstructed, because there are some missing bus signals.
  finished :Prep
Writing EDIF netlist file LogicAnalyzer.edif ...
ngc2edif: Total memory usage is 4315580 kilobytes

Release 14.7 - ngc2edif P.20131013 (nt64)
Copyright (c) 1995-2013 Xilinx, Inc.  All rights reserved.
Reading design TOP.ngc ...
WARNING:NetListWriters:298 - No output is written to TOP.xncf, ignored.
Processing design ...
   Preping design's networks ...
   Preping design's macros ...
  finished :Prep
Writing EDIF netlist file TOP.edif ...
ngc2edif: Total memory usage is 4311484 kilobytes

Release 14.7 - ngc2edif P.20131013 (nt64)
Copyright (c) 1995-2013 Xilinx, Inc.  All rights reserved.
Reading design LogicAnalyzer.ngc ...
WARNING:NetListWriters:298 - No output is written to LogicAnalyzer.xncf,
   ignored.
Processing design ...
   Preping design's networks ...
   Preping design's macros ...
WARNING:NetListWriters:306 - Signal bus
   U0/I_NO_D.U_ILA/U_RST/U_HALT_XFER/iDOUT_dly<2 : 0> on block LogicAnalyzer is
   not reconstructed, because there are some missing bus signals.
WARNING:NetListWriters:306 - Signal bus
   U0/I_NO_D.U_ILA/U_RST/U_ARM_XFER/iDOUT_dly<4 : 0> on block LogicAnalyzer is
   not reconstructed, because there are some missing bus signals.
  finished :Prep
Writing EDIF netlist file LogicAnalyzer.edif ...
ngc2edif: Total memory usage is 4315580 kilobytes

